20230304 19:48:30 INFO  [main] steps.StepDefinitionForLogin StepDefinitionForLogin.java29 - The test has started.
20230304 19:48:37 INFO  [main] steps.LoginPage LoginPage.java32 - Username entered
20230304 19:48:38 INFO  [main] steps.LoginPage LoginPage.java44 - Login button clicked.
20230304 19:48:38 INFO  [main] steps.LoginPage LoginPage.java50 - Error text retrieved.
20230304 19:48:43 INFO  [main] steps.LoginPage LoginPage.java32 - Username entered
20230304 19:48:43 INFO  [main] steps.LoginPage LoginPage.java38 - Password entered
20230304 19:48:45 INFO  [main] steps.LoginPage LoginPage.java44 - Login button clicked.
20230304 19:48:51 INFO  [main] steps.LoginPage LoginPage.java32 - Username entered
20230304 19:48:51 INFO  [main] steps.LoginPage LoginPage.java38 - Password entered
20230304 19:48:51 INFO  [main] steps.LoginPage LoginPage.java63 - Checkbox clicked
20230304 19:48:53 INFO  [main] steps.LoginPage LoginPage.java44 - Login button clicked.
20230304 19:48:56 INFO  [main] steps.HomePage HomePage.java37 - Dropdown clicked
20230304 19:48:56 INFO  [main] steps.HomePage HomePage.java25 - Log out clicked
20230304 19:48:58 INFO  [main] steps.LoginPage LoginPage.java56 - Text retrieved from Id.
20230304 19:49:01 INFO  [main] steps.LoginPage LoginPage.java69 - Forgot password clicked.
20230304 19:49:01 INFO  [main] steps.ForgotPasswordPage ForgotPasswordPage.java24 - Username entered on forgot password page
20230304 19:49:02 INFO  [main] steps.ForgotPasswordPage ForgotPasswordPage.java30 - Continue button clicked.
20230304 19:49:02 INFO  [main] steps.CheckYourEmailPage CheckYourEmailPage.java22 - Text retrieved from check email page.
20230304 19:49:05 INFO  [main] steps.LoginPage LoginPage.java32 - Username entered
20230304 19:49:05 INFO  [main] steps.LoginPage LoginPage.java38 - Password entered
20230304 19:49:08 INFO  [main] steps.LoginPage LoginPage.java44 - Login button clicked.
20230304 19:49:08 INFO  [main] steps.LoginPage LoginPage.java76 - Login error retrieved.
20230304 19:49:08 INFO  [main] steps.StepDefinitionForLogin StepDefinitionForLogin.java34 - The test has completed.
